<?xml version="1.0" encoding="UTF-8"?>
<!-- Generated by org.testng.reporters.JUnitReportReporter -->
<testsuite skipped="0" hostname="DESKTOP-VS0PTQG" name="com.RunnerClass.Depends_On_Methods" tests="3" failures="0" timestamp="2022-07-29T03:12:57 IST" time="0.019" errors="0">
  <testcase name="eee" time="0.019" classname="com.RunnerClass.Depends_On_Methods"/>
  <system-out/>
  <testcase name="orange" time="0.000" classname="com.RunnerClass.Depends_On_Methods"/>
  <system-out/>
  <testcase name="logout" time="0.000" classname="com.RunnerClass.Depends_On_Methods"/>
  <system-out/>
</testsuite> <!-- com.RunnerClass.Depends_On_Methods -->
