<?xml version="1.0" encoding="UTF-8"?>
<!-- Generated by org.testng.reporters.JUnitReportReporter -->
<testsuite skipped="1" hostname="DESKTOP-VS0PTQG" name="com.RunnerClass.Invocation_Count" tests="5" failures="0" timestamp="2022-07-27T00:15:30 IST" time="0.048" errors="0">
  <testcase name="username" time="0.018" classname="com.RunnerClass.Invocation_Count"/>
  <system-out/>
  <testcase name="password" time="0.012" classname="com.RunnerClass.Invocation_Count"/>
  <system-out/>
  <testcase name="room" time="0.005" classname="com.RunnerClass.Invocation_Count"/>
  <system-out/>
  <testcase name="hotel" time="0.013" classname="com.RunnerClass.Invocation_Count"/>
  <system-out/>
  <testcase name="logout" classname="com.RunnerClass.Invocation_Count">
    <skipped/>
  </testcase> <!-- logout -->
  <system-out/>
</testsuite> <!-- com.RunnerClass.Invocation_Count -->
