<?xml version="1.0" encoding="UTF-8"?>
<!-- Generated by org.testng.reporters.JUnitReportReporter -->
<testsuite skipped="0" hostname="DESKTOP-VS0PTQG" name="com.RunnerClass.Description" tests="3" failures="0" timestamp="2022-07-28T01:57:00 IST" time="0.028" errors="0">
  <testcase name="sslc" time="0.000" classname="com.RunnerClass.Description"/>
  <system-out/>
  <testcase name="logout" time="0.028" classname="com.RunnerClass.Description"/>
  <system-out/>
  <testcase name="password" time="0.000" classname="com.RunnerClass.Description"/>
  <system-out/>
</testsuite> <!-- com.RunnerClass.Description -->
