<?xml version="1.0" encoding="UTF-8"?>
<!-- Generated by org.testng.reporters.JUnitReportReporter -->
<testsuite skipped="0" hostname="DESKTOP-VS0PTQG" name="com.RunnerClass.TestNg_Demo" tests="2" failures="0" timestamp="2022-07-26T00:51:56 IST" time="0.095" errors="0">
  <testcase name="username" time="0.011" classname="com.RunnerClass.TestNg_Demo"/>
  <system-out/>
  <testcase name="password" time="0.084" classname="com.RunnerClass.TestNg_Demo"/>
  <system-out/>
</testsuite> <!-- com.RunnerClass.TestNg_Demo -->
