<?xml version="1.0" encoding="UTF-8"?>
<!-- Generated by org.testng.reporters.JUnitReportReporter -->
<testsuite skipped="0" hostname="DESKTOP-VS0PTQG" name="com.RunnerClass.Hard_Assert_Demo" tests="3" failures="0" timestamp="2022-07-30T03:56:00 IST" time="0.050" errors="0">
  <testcase name="credentials" time="0.026" classname="com.RunnerClass.Hard_Assert_Demo"/>
  <system-out/>
  <testcase name="credentials1" time="0.014" classname="com.RunnerClass.Hard_Assert_Demo"/>
  <system-out/>
  <testcase name="credentials2" time="0.010" classname="com.RunnerClass.Hard_Assert_Demo"/>
  <system-out/>
</testsuite> <!-- com.RunnerClass.Hard_Assert_Demo -->
