<?xml version="1.0" encoding="UTF-8"?>
<!-- Generated by org.testng.reporters.JUnitReportReporter -->
<testsuite skipped="0" hostname="DESKTOP-VS0PTQG" name="com.RunnerClass.RunnerClass1" tests="13" failures="0" timestamp="2022-08-02T01:18:40 IST" time="92.219" errors="0">
  <testcase name="blouseCollection" time="3.519" classname="com.RunnerClass.RunnerClass1"/>
  <system-out/>
  <testcase name="frameHandle" time="25.391" classname="com.RunnerClass.RunnerClass1"/>
  <system-out/>
  <testcase name="HomePage" time="17.457" classname="com.RunnerClass.RunnerClass1"/>
  <system-out/>
  <testcase name="proceed" time="4.897" classname="com.RunnerClass.RunnerClass1"/>
  <system-out/>
  <testcase name="Summary" time="6.336" classname="com.RunnerClass.RunnerClass1"/>
  <system-out/>
  <testcase name="signin" time="5.859" classname="com.RunnerClass.RunnerClass1"/>
  <system-out/>
  <testcase name="address" time="5.974" classname="com.RunnerClass.RunnerClass1"/>
  <system-out/>
  <testcase name="payment" time="2.842" classname="com.RunnerClass.RunnerClass1"/>
  <system-out/>
  <testcase name="confirmPay" time="4.269" classname="com.RunnerClass.RunnerClass1"/>
  <system-out/>
  <testcase name="back_To_Home" time="4.348" classname="com.RunnerClass.RunnerClass1"/>
  <system-out/>
  <testcase name="Sign_In" time="5.916" classname="com.RunnerClass.RunnerClass1"/>
  <system-out/>
  <testcase name="order_History" time="5.049" classname="com.RunnerClass.RunnerClass1"/>
  <system-out/>
  <testcase name="screenShot" time="0.362" classname="com.RunnerClass.RunnerClass1"/>
  <system-out/>
</testsuite> <!-- com.RunnerClass.RunnerClass1 -->
