<?xml version="1.0" encoding="UTF-8"?>
<!-- Generated by org.testng.reporters.JUnitReportReporter -->
<testsuite skipped="0" hostname="DESKTOP-VS0PTQG" name="com.RunnerClass.Cross_Browser_Testing" tests="2" failures="0" timestamp="2022-08-01T00:53:55 IST" time="36.050" errors="0">
  <testcase name="adactin" time="18.020" classname="com.RunnerClass.Cross_Browser_Testing"/>
  <system-out/>
  <testcase name="Facebook" time="18.030" classname="com.RunnerClass.Cross_Browser_Testing"/>
  <system-out/>
</testsuite> <!-- com.RunnerClass.Cross_Browser_Testing -->
