<?xml version="1.0" encoding="UTF-8"?>
<!-- Generated by org.testng.reporters.JUnitReportReporter -->
<testsuite skipped="0" hostname="DESKTOP-VS0PTQG" name="com.RunnerClass.Groups_Demo" tests="4" failures="0" timestamp="2022-07-28T02:32:44 IST" time="0.047" errors="0">
  <testcase name="visa" time="0.015" classname="com.RunnerClass.Groups_Demo"/>
  <system-out/>
  <testcase name="password" time="0.000" classname="com.RunnerClass.Groups_Demo"/>
  <system-out/>
  <testcase name="studio" time="0.016" classname="com.RunnerClass.Groups_Demo"/>
  <system-out/>
  <testcase name="logout" time="0.016" classname="com.RunnerClass.Groups_Demo"/>
  <system-out/>
</testsuite> <!-- com.RunnerClass.Groups_Demo -->
