<?xml version="1.0" encoding="UTF-8"?>
<!-- Generated by org.testng.reporters.JUnitReportReporter -->
<testsuite skipped="0" hostname="DESKTOP-VS0PTQG" name="com.RunnerClass.RunnerClass2" tests="4" failures="0" timestamp="2022-08-03T01:54:20 IST" time="23.837" errors="0">
  <testcase name="Adactin" time="10.544" classname="com.RunnerClass.RunnerClass2"/>
  <system-out/>
  <testcase name="search_Hotels" time="2.858" classname="com.RunnerClass.RunnerClass2"/>
  <system-out/>
  <testcase name="radioButton" time="7.014" classname="com.RunnerClass.RunnerClass2"/>
  <system-out/>
  <testcase name="book" time="3.421" classname="com.RunnerClass.RunnerClass2"/>
  <system-out/>
</testsuite> <!-- com.RunnerClass.RunnerClass2 -->
