<?xml version="1.0" encoding="UTF-8"?>
<!-- Generated by org.testng.reporters.JUnitReportReporter -->
<testsuite skipped="1" hostname="DESKTOP-VS0PTQG" name="com.RunnerClass.Ignore_Demo" tests="2" failures="0" timestamp="2022-07-27T00:01:38 IST" time="0.022" errors="0">
  <testcase name="username" time="0.022" classname="com.RunnerClass.Ignore_Demo"/>
  <system-out/>
  <testcase name="logout" classname="com.RunnerClass.Ignore_Demo">
    <skipped/>
  </testcase> <!-- logout -->
  <system-out/>
</testsuite> <!-- com.RunnerClass.Ignore_Demo -->
