<?xml version="1.0" encoding="UTF-8"?>
<!-- Generated by org.testng.reporters.JUnitReportReporter -->
<testsuite skipped="0" hostname="DESKTOP-VS0PTQG" name="com.RunnerClass.Data_Provider" tests="3" failures="0" timestamp="2022-07-29T02:33:24 IST" time="0.041" errors="0">
  <testcase name="Credential" time="0.000" classname="com.RunnerClass.Data_Provider"/>
  <system-out/>
  <testcase name="Credential" time="0.025" classname="com.RunnerClass.Data_Provider"/>
  <system-out/>
  <testcase name="Credential" time="0.016" classname="com.RunnerClass.Data_Provider"/>
  <system-out/>
</testsuite> <!-- com.RunnerClass.Data_Provider -->
