<?xml version="1.0" encoding="UTF-8"?>
<!-- Generated by org.testng.reporters.JUnitReportReporter -->
<testsuite skipped="0" hostname="DESKTOP-VS0PTQG" name="com.RunnerClass.Test_Ng_Demo" tests="1" failures="0" timestamp="2022-07-25T13:00:44 IST" time="0.025" errors="0">
  <testcase name="login" time="0.025" classname="com.RunnerClass.Test_Ng_Demo"/>
  <system-out/>
</testsuite> <!-- com.RunnerClass.Test_Ng_Demo -->
