<?xml version="1.0" encoding="UTF-8"?>
<!-- Generated by org.testng.reporters.JUnitReportReporter -->
<testsuite skipped="0" hostname="DESKTOP-VS0PTQG" name="com.RunnerClass.Priority_Attribute" tests="4" failures="0" timestamp="2022-07-26T23:49:01 IST" time="0.056" errors="0">
  <testcase name="username" time="0.018" classname="com.RunnerClass.Priority_Attribute"/>
  <system-out/>
  <testcase name="password" time="0.025" classname="com.RunnerClass.Priority_Attribute"/>
  <system-out/>
  <testcase name="login" time="0.005" classname="com.RunnerClass.Priority_Attribute"/>
  <system-out/>
  <testcase name="logout" time="0.008" classname="com.RunnerClass.Priority_Attribute"/>
  <system-out/>
</testsuite> <!-- com.RunnerClass.Priority_Attribute -->
