<?xml version="1.0" encoding="UTF-8"?>
<!-- Generated by org.testng.reporters.JUnitReportReporter -->
<testsuite skipped="0" hostname="DESKTOP-VS0PTQG" name="com.RunnerClass.Parallel_Testing" tests="2" failures="0" timestamp="2022-08-01T00:39:22 IST" time="29.276" errors="0">
  <testcase name="adactin" time="14.498" classname="com.RunnerClass.Parallel_Testing"/>
  <system-out/>
  <testcase name="Facebook" time="14.778" classname="com.RunnerClass.Parallel_Testing"/>
  <system-out/>
</testsuite> <!-- com.RunnerClass.Parallel_Testing -->
